<?xml version="1.0" encoding="UTF-8"?>
<!-- Generated by org.testng.reporters.JUnitReportReporter -->
<testsuite hostname="DESKTOP-RN62EUK" failures="0" tests="2" name="TestRunner.com.Runner" time="0.297" errors="0" timestamp="2022-11-12T11:37:33 EST" skipped="0">
  <testcase classname="TestRunner.com.Runner" name="titelTest" time="0.035"/>
  <system-out/>
  <testcase classname="TestRunner.com.Runner" name="input" time="0.262"/>
  <system-out/>
</testsuite> <!-- TestRunner.com.Runner -->
